<?xml version="1.0" encoding="UTF-8"?>
<!-- Generated by org.testng.reporters.JUnitXMLReporter -->
<testsuite hostname="LAPTOP-A003P5EU" ignored="0" name="Test1" tests="5" failures="1" timestamp="2021-01-18T17:00:49 IST" time="46.127" errors="0">
  <testcase name="getDriver" time="0.142" classname="resources.BaseDriver"/>
  <testcase name="slackAppFunction" time="1.373" classname="slackTestSuite.SlackAppValidationTest"/>
  <testcase name="SignInUsingSlack" time="8.821" classname="slackTestSuite.SlackAppValidationTest"/>
  <testcase name="ValidateGiveRecogUsingSlash" time="17.906" classname="slackTestSuite.SlackAppValidationTest"/>
  <testcase name="ValidateGiveRecogUsingShortcut" time="4.804" classname="slackTestSuite.SlackAppValidationTest">
    <failure type="org.openqa.selenium.ElementClickInterceptedException" message="element click intercepted: Element &amp;lt;button class=&amp;quot;c-button-unstyled c-icon_button c-icon_button--light c-icon_button--size_small c-texty_input__button c-texty_input__button--send c-texty_input__button--disabled&amp;quot; data-qa=&amp;quot;texty_send_button&amp;quot; aria-label=&amp;quot;Send message&amp;quot; delay=&amp;quot;150&amp;quot; data-sk=&amp;quot;tooltip_parent&amp;quot; type=&amp;quot;button&amp;quot; disabled=&amp;quot;&amp;quot;&amp;gt;...&amp;lt;/button&amp;gt; is not clickable at point (1496, 618). Other element would receive the click: &amp;lt;div class=&amp;quot;ReactModal__Overlay ReactModal__Overlay--after-open c-popover c-popover--z_above_fs c-popover--fade&amp;quot; style=&amp;quot;animation-duration: 80ms;&amp;quot;&amp;gt;...&amp;lt;/div&amp;gt;
  (Session info: chrome=87.0.4280.141)
Build info: version: &amp;apos;4.0.0-alpha-4&amp;apos;, revision: &amp;apos;c2d955b49e&amp;apos;
System info: host: &amp;apos;LAPTOP-A003P5EU&amp;apos;, ip: &amp;apos;192.168.18.105&amp;apos;, os.name: &amp;apos;Windows 10&amp;apos;, os.arch: &amp;apos;amd64&amp;apos;, os.version: &amp;apos;10.0&amp;apos;, java.version: &amp;apos;1.8.0_261&amp;apos;
Driver info: org.openqa.selenium.chrome.ChromeDriver
Capabilities {acceptInsecureCerts: true, browserName: chrome, browserVersion: 87.0.4280.141, chrome: {chromedriverVersion: 87.0.4280.20 (c99e81631faa0..., userDataDir: C:\Users\JAYASU~1\AppData\L...}, goog:chromeOptions: {debuggerAddress: localhost:60856}, javascriptEnabled: true, networkConnectionEnabled: false, pageLoadStrategy: normal, platform: WINDOWS, platformName: WINDOWS, proxy: Proxy(), setWindowRect: true, strictFileInteractability: false, timeouts: {implicit: 0, pageLoad: 300000, script: 30000}, unhandledPromptBehavior: dismiss and notify, webauthn:virtualAuthenticators: true}
Session ID: b27a6a736327caef579bf4a885e0fc05">
      <![CDATA[org.openqa.selenium.ElementClickInterceptedException: element click intercepted: Element <button class="c-button-unstyled c-icon_button c-icon_button--light c-icon_button--size_small c-texty_input__button c-texty_input__button--send c-texty_input__button--disabled" data-qa="texty_send_button" aria-label="Send message" delay="150" data-sk="tooltip_parent" type="button" disabled="">...</button> is not clickable at point (1496, 618). Other element would receive the click: <div class="ReactModal__Overlay ReactModal__Overlay--after-open c-popover c-popover--z_above_fs c-popover--fade" style="animation-duration: 80ms;">...</div>
  (Session info: chrome=87.0.4280.141)
Build info: version: '4.0.0-alpha-4', revision: 'c2d955b49e'
System info: host: 'LAPTOP-A003P5EU', ip: '192.168.18.105', os.name: 'Windows 10', os.arch: 'amd64', os.version: '10.0', java.version: '1.8.0_261'
Driver info: org.openqa.selenium.chrome.ChromeDriver
Capabilities {acceptInsecureCerts: true, browserName: chrome, browserVersion: 87.0.4280.141, chrome: {chromedriverVersion: 87.0.4280.20 (c99e81631faa0..., userDataDir: C:\Users\JAYASU~1\AppData\L...}, goog:chromeOptions: {debuggerAddress: localhost:60856}, javascriptEnabled: true, networkConnectionEnabled: false, pageLoadStrategy: normal, platform: WINDOWS, platformName: WINDOWS, proxy: Proxy(), setWindowRect: true, strictFileInteractability: false, timeouts: {implicit: 0, pageLoad: 300000, script: 30000}, unhandledPromptBehavior: dismiss and notify, webauthn:virtualAuthenticators: true}
Session ID: b27a6a736327caef579bf4a885e0fc05
at org.openqa.selenium.remote.codec.w3c.W3CHttpResponseCodec.createException(W3CHttpResponseCodec.java:196)
at org.openqa.selenium.remote.codec.w3c.W3CHttpResponseCodec.decode(W3CHttpResponseCodec.java:129)
at org.openqa.selenium.remote.codec.w3c.W3CHttpResponseCodec.decode(W3CHttpResponseCodec.java:53)
at org.openqa.selenium.remote.HttpCommandExecutor.execute(HttpCommandExecutor.java:161)
at org.openqa.selenium.remote.service.DriverCommandExecutor.execute(DriverCommandExecutor.java:83)
at org.openqa.selenium.remote.RemoteWebDriver.execute(RemoteWebDriver.java:582)
at org.openqa.selenium.remote.RemoteWebElement.execute(RemoteWebElement.java:316)
at org.openqa.selenium.remote.RemoteWebElement.click(RemoteWebElement.java:85)
at slackTestSuite.SlackAppValidationTest.ValidateGiveRecogUsingShortcut(SlackAppValidationTest.java:91)
at java.util.ArrayList.forEach(Unknown Source)
... Removed 31 stack frames]]>
    </failure>
  </testcase> <!-- ValidateGiveRecogUsingShortcut -->
</testsuite> <!-- Test1 -->
